[0.393s] Invoking command in '/home/steve/workspaces/ROS2-Path-Planning-and-Maze-Solving/path_planning_ws/src/maze_bot': PYTHONPATH=/home/steve/workspaces/ROS2-Path-Planning-and-Maze-Solving/path_planning_ws/install/maze_bot/lib/python3.8/site-packages:${PYTHONPATH} /usr/bin/python3 setup.py egg_info --egg-base ../../build/maze_bot build --build-base /home/steve/workspaces/ROS2-Path-Planning-and-Maze-Solving/path_planning_ws/build/maze_bot/build install --prefix /home/steve/workspaces/ROS2-Path-Planning-and-Maze-Solving/path_planning_ws/install/maze_bot --record /home/steve/workspaces/ROS2-Path-Planning-and-Maze-Solving/path_planning_ws/build/maze_bot/install.log --single-version-externally-managed
[0.534s] running egg_info
[0.535s] writing ../../build/maze_bot/maze_bot.egg-info/PKG-INFO
[0.535s] writing dependency_links to ../../build/maze_bot/maze_bot.egg-info/dependency_links.txt
[0.535s] writing entry points to ../../build/maze_bot/maze_bot.egg-info/entry_points.txt
[0.535s] writing requirements to ../../build/maze_bot/maze_bot.egg-info/requires.txt
[0.535s] writing top-level names to ../../build/maze_bot/maze_bot.egg-info/top_level.txt
[0.536s] reading manifest file '../../build/maze_bot/maze_bot.egg-info/SOURCES.txt'
[0.537s] writing manifest file '../../build/maze_bot/maze_bot.egg-info/SOURCES.txt'
[0.537s] running build
[0.537s] running build_py
[0.537s] running install
[0.538s] running install_lib
[0.539s] running install_data
[0.539s] copying launch/mazebot_camera_maze.launch.py -> /home/steve/workspaces/ROS2-Path-Planning-and-Maze-Solving/path_planning_ws/install/maze_bot/share/maze_bot/launch
[0.539s] copying urdf/maze_bot.urdf -> /home/steve/workspaces/ROS2-Path-Planning-and-Maze-Solving/path_planning_ws/install/maze_bot/share/maze_bot/urdf
[0.539s] copying worlds/mazebot_maze_camera.world -> /home/steve/workspaces/ROS2-Path-Planning-and-Maze-Solving/path_planning_ws/install/maze_bot/share/maze_bot/worlds
[0.539s] running install_egg_info
[0.540s] removing '/home/steve/workspaces/ROS2-Path-Planning-and-Maze-Solving/path_planning_ws/install/maze_bot/lib/python3.8/site-packages/maze_bot-0.0.0-py3.8.egg-info' (and everything under it)
[0.540s] Copying ../../build/maze_bot/maze_bot.egg-info to /home/steve/workspaces/ROS2-Path-Planning-and-Maze-Solving/path_planning_ws/install/maze_bot/lib/python3.8/site-packages/maze_bot-0.0.0-py3.8.egg-info
[0.541s] running install_scripts
[0.551s] Installing driving_node script to /home/steve/workspaces/ROS2-Path-Planning-and-Maze-Solving/path_planning_ws/install/maze_bot/lib/maze_bot
[0.551s] Installing go_to_goal script to /home/steve/workspaces/ROS2-Path-Planning-and-Maze-Solving/path_planning_ws/install/maze_bot/lib/maze_bot
[0.551s] Installing maze_solver script to /home/steve/workspaces/ROS2-Path-Planning-and-Maze-Solving/path_planning_ws/install/maze_bot/lib/maze_bot
[0.551s] Installing video_recorder script to /home/steve/workspaces/ROS2-Path-Planning-and-Maze-Solving/path_planning_ws/install/maze_bot/lib/maze_bot
[0.551s] writing list of installed files to '/home/steve/workspaces/ROS2-Path-Planning-and-Maze-Solving/path_planning_ws/build/maze_bot/install.log'
[0.562s] Invoked command in '/home/steve/workspaces/ROS2-Path-Planning-and-Maze-Solving/path_planning_ws/src/maze_bot' returned '0': PYTHONPATH=/home/steve/workspaces/ROS2-Path-Planning-and-Maze-Solving/path_planning_ws/install/maze_bot/lib/python3.8/site-packages:${PYTHONPATH} /usr/bin/python3 setup.py egg_info --egg-base ../../build/maze_bot build --build-base /home/steve/workspaces/ROS2-Path-Planning-and-Maze-Solving/path_planning_ws/build/maze_bot/build install --prefix /home/steve/workspaces/ROS2-Path-Planning-and-Maze-Solving/path_planning_ws/install/maze_bot --record /home/steve/workspaces/ROS2-Path-Planning-and-Maze-Solving/path_planning_ws/build/maze_bot/install.log --single-version-externally-managed
