/home/steve/workspaces/ROS2-Path-Planning-and-Maze-Solving/path_planning_ws/install/maze_bot/lib/python3.8/site-packages/maze_bot/driving_node.py
/home/steve/workspaces/ROS2-Path-Planning-and-Maze-Solving/path_planning_ws/install/maze_bot/lib/python3.8/site-packages/maze_bot/go_to_goal.py
/home/steve/workspaces/ROS2-Path-Planning-and-Maze-Solving/path_planning_ws/install/maze_bot/lib/python3.8/site-packages/maze_bot/__init__.py
/home/steve/workspaces/ROS2-Path-Planning-and-Maze-Solving/path_planning_ws/install/maze_bot/lib/python3.8/site-packages/maze_bot/video_saver.py
/home/steve/workspaces/ROS2-Path-Planning-and-Maze-Solving/path_planning_ws/install/maze_bot/lib/python3.8/site-packages/maze_bot/maze_solver.py
/home/steve/workspaces/ROS2-Path-Planning-and-Maze-Solving/path_planning_ws/install/maze_bot/lib/python3.8/site-packages/maze_bot/__pycache__/driving_node.cpython-38.pyc
/home/steve/workspaces/ROS2-Path-Planning-and-Maze-Solving/path_planning_ws/install/maze_bot/lib/python3.8/site-packages/maze_bot/__pycache__/go_to_goal.cpython-38.pyc
/home/steve/workspaces/ROS2-Path-Planning-and-Maze-Solving/path_planning_ws/install/maze_bot/lib/python3.8/site-packages/maze_bot/__pycache__/__init__.cpython-38.pyc
/home/steve/workspaces/ROS2-Path-Planning-and-Maze-Solving/path_planning_ws/install/maze_bot/lib/python3.8/site-packages/maze_bot/__pycache__/video_saver.cpython-38.pyc
/home/steve/workspaces/ROS2-Path-Planning-and-Maze-Solving/path_planning_ws/install/maze_bot/lib/python3.8/site-packages/maze_bot/__pycache__/maze_solver.cpython-38.pyc
/home/steve/workspaces/ROS2-Path-Planning-and-Maze-Solving/path_planning_ws/install/maze_bot/share/ament_index/resource_index/packages/maze_bot
/home/steve/workspaces/ROS2-Path-Planning-and-Maze-Solving/path_planning_ws/install/maze_bot/share/maze_bot/package.xml
/home/steve/workspaces/ROS2-Path-Planning-and-Maze-Solving/path_planning_ws/install/maze_bot/share/maze_bot/launch/rviz.launch.py
/home/steve/workspaces/ROS2-Path-Planning-and-Maze-Solving/path_planning_ws/install/maze_bot/share/maze_bot/launch/gazebo.launch.py
/home/steve/workspaces/ROS2-Path-Planning-and-Maze-Solving/path_planning_ws/install/maze_bot/share/maze_bot/launch/maze_1_robot_camera.launch.py
/home/steve/workspaces/ROS2-Path-Planning-and-Maze-Solving/path_planning_ws/install/maze_bot/share/maze_bot/launch/maze_2_robot_camera.launch.py
/home/steve/workspaces/ROS2-Path-Planning-and-Maze-Solving/path_planning_ws/install/maze_bot/share/maze_bot/launch/mazebot_camera_maze.launch.py
/home/steve/workspaces/ROS2-Path-Planning-and-Maze-Solving/path_planning_ws/install/maze_bot/share/maze_bot/urdf/maze_bot.urdf
/home/steve/workspaces/ROS2-Path-Planning-and-Maze-Solving/path_planning_ws/install/maze_bot/share/maze_bot/meshes/base_link.stl
/home/steve/workspaces/ROS2-Path-Planning-and-Maze-Solving/path_planning_ws/install/maze_bot/share/maze_bot/meshes/wheel_l.stl
/home/steve/workspaces/ROS2-Path-Planning-and-Maze-Solving/path_planning_ws/install/maze_bot/share/maze_bot/meshes/front_caster.stl
/home/steve/workspaces/ROS2-Path-Planning-and-Maze-Solving/path_planning_ws/install/maze_bot/share/maze_bot/meshes/wheel_r.stl
/home/steve/workspaces/ROS2-Path-Planning-and-Maze-Solving/path_planning_ws/install/maze_bot/share/maze_bot/worlds/maze_2.world
/home/steve/workspaces/ROS2-Path-Planning-and-Maze-Solving/path_planning_ws/install/maze_bot/share/maze_bot/worlds/mazebot_maze_camera.world
/home/steve/workspaces/ROS2-Path-Planning-and-Maze-Solving/path_planning_ws/install/maze_bot/share/maze_bot/worlds/maze_1.world
/home/steve/workspaces/ROS2-Path-Planning-and-Maze-Solving/path_planning_ws/install/maze_bot/lib/python3.8/site-packages/maze_bot-0.0.0-py3.8.egg-info/entry_points.txt
/home/steve/workspaces/ROS2-Path-Planning-and-Maze-Solving/path_planning_ws/install/maze_bot/lib/python3.8/site-packages/maze_bot-0.0.0-py3.8.egg-info/requires.txt
/home/steve/workspaces/ROS2-Path-Planning-and-Maze-Solving/path_planning_ws/install/maze_bot/lib/python3.8/site-packages/maze_bot-0.0.0-py3.8.egg-info/zip-safe
/home/steve/workspaces/ROS2-Path-Planning-and-Maze-Solving/path_planning_ws/install/maze_bot/lib/python3.8/site-packages/maze_bot-0.0.0-py3.8.egg-info/SOURCES.txt
/home/steve/workspaces/ROS2-Path-Planning-and-Maze-Solving/path_planning_ws/install/maze_bot/lib/python3.8/site-packages/maze_bot-0.0.0-py3.8.egg-info/dependency_links.txt
/home/steve/workspaces/ROS2-Path-Planning-and-Maze-Solving/path_planning_ws/install/maze_bot/lib/python3.8/site-packages/maze_bot-0.0.0-py3.8.egg-info/PKG-INFO
/home/steve/workspaces/ROS2-Path-Planning-and-Maze-Solving/path_planning_ws/install/maze_bot/lib/python3.8/site-packages/maze_bot-0.0.0-py3.8.egg-info/top_level.txt
/home/steve/workspaces/ROS2-Path-Planning-and-Maze-Solving/path_planning_ws/install/maze_bot/lib/maze_bot/driving_node
/home/steve/workspaces/ROS2-Path-Planning-and-Maze-Solving/path_planning_ws/install/maze_bot/lib/maze_bot/go_to_goal
/home/steve/workspaces/ROS2-Path-Planning-and-Maze-Solving/path_planning_ws/install/maze_bot/lib/maze_bot/maze_solver
/home/steve/workspaces/ROS2-Path-Planning-and-Maze-Solving/path_planning_ws/install/maze_bot/lib/maze_bot/video_recorder
